2024-11-26T17:09:23.117Z 0: 

----------------------------------------------
2024-11-26T17:09:23.303Z 1: Discord starting: {"releaseChannel":"stable","version":"0.0.76"}, modulepath: /home/adib/.config/discord/0.0.76/modules
2024-11-26T17:09:23.436Z 2: ✅ webContents.created web1 "Discord Updater"
2024-11-26T17:09:23.500Z 3: ✅ window.created win1 "Discord Updater"
2024-11-26T17:10:27.504Z 4: ✅ webContents.created web2 ""
2024-11-26T17:10:27.615Z 5: ✅ window.created win2 "Discord"
2024-11-26T17:11:24.755Z 6: ✅ webContents.did-finish-load web2
2024-11-26T17:11:24.856Z 7: window.close win1
2024-11-26T17:11:24.968Z 8: webContents.destroyed web1
2024-11-26T17:11:25.001Z 9: window.closed win1
2024-11-26T18:57:28.688Z 10: before-quit
2024-11-27T17:01:56.481Z 0: 

----------------------------------------------
2024-11-27T17:01:56.754Z 1: Discord starting: {"releaseChannel":"stable","version":"0.0.76"}, modulepath: /home/adib/.config/discord/0.0.76/modules
2024-11-27T17:01:56.913Z 2: ✅ webContents.created web1 ""
2024-11-27T17:01:56.979Z 3: ✅ window.created win1 "discord"
2024-11-27T17:01:58.849Z 4: ✅ webContents.did-finish-load web1
2024-11-27T17:01:59.543Z 5: ✅ webContents.created web2 ""
2024-11-27T17:01:59.572Z 6: ✅ window.created win2 "Discord"
2024-11-27T17:02:11.444Z 7: ✅ webContents.did-finish-load web2
2024-11-27T17:02:11.545Z 8: window.close win1
2024-11-27T17:02:11.595Z 9: webContents.destroyed web1
2024-11-27T17:02:11.621Z 10: window.closed win1
2024-11-27T17:47:25.378Z 11: window.close win2
2024-11-27T18:26:22.977Z 12: before-quit
2024-11-29T08:49:52.008Z 0: 

----------------------------------------------
2024-11-29T08:49:52.373Z 1: Discord starting: {"releaseChannel":"stable","version":"0.0.76"}, modulepath: /home/adib/.config/discord/0.0.76/modules
2024-11-29T08:49:52.499Z 2: ✅ webContents.created web1 ""
2024-11-29T08:49:52.591Z 3: ✅ window.created win1 "discord"
2024-11-29T08:49:53.933Z 4: ✅ webContents.did-finish-load web1
2024-11-29T08:49:54.577Z 5: ✅ webContents.created web2 ""
2024-11-29T08:49:54.645Z 6: ✅ window.created win2 "Discord"
2024-11-29T08:50:03.927Z 7: ✅ webContents.did-finish-load web2
2024-11-29T08:50:04.029Z 8: window.close win1
2024-11-29T08:50:04.073Z 9: webContents.destroyed web1
2024-11-29T08:50:04.115Z 10: window.closed win1
2024-11-29T08:51:18.873Z 11: window.close win2
2024-11-29T08:53:15.478Z 0: 

----------------------------------------------
2024-11-29T08:55:19.403Z 12: window.close win2
2024-11-29T12:57:01.923Z 13: before-quit
2024-11-30T17:00:43.024Z 0: 

----------------------------------------------
2024-11-30T17:00:43.314Z 1: Discord starting: {"releaseChannel":"stable","version":"0.0.76"}, modulepath: /home/adib/.config/discord/0.0.76/modules
2024-11-30T17:00:43.497Z 2: ✅ webContents.created web1 ""
2024-11-30T17:00:43.557Z 3: ✅ window.created win1 "discord"
2024-11-30T17:00:45.005Z 4: ✅ webContents.did-finish-load web1
2024-11-30T17:00:46.289Z 5: ✅ webContents.created web2 ""
2024-11-30T17:00:46.363Z 6: ✅ window.created win2 "Discord"
2024-11-30T17:00:50.535Z 7: ✅ webContents.did-finish-load web2
2024-11-30T17:00:50.636Z 8: window.close win1
2024-11-30T17:00:50.677Z 9: webContents.destroyed web1
2024-11-30T17:00:50.711Z 10: window.closed win1
2024-11-30T17:22:39.310Z 11: window.close win2
2024-11-30T17:22:45.018Z 0: 

----------------------------------------------
2024-11-30T17:22:47.438Z 12: window.close win2
2024-11-30T17:22:49.665Z 13: before-quit
2024-12-01T11:05:25.485Z 0: 

----------------------------------------------
2024-12-01T11:05:25.782Z 1: Discord starting: {"releaseChannel":"stable","version":"0.0.76"}, modulepath: /home/adib/.config/discord/0.0.76/modules
2024-12-01T11:05:25.872Z 2: ✅ webContents.created web1 ""
2024-12-01T11:05:25.964Z 3: ✅ window.created win1 "discord"
2024-12-01T11:05:27.554Z 4: ✅ webContents.did-finish-load web1
2024-12-01T11:05:28.097Z 5: ✅ webContents.created web2 ""
2024-12-01T11:05:28.149Z 6: ✅ window.created win2 "Discord"
2024-12-01T11:05:32.451Z 7: ✅ webContents.did-finish-load web2
2024-12-01T11:05:32.552Z 8: window.close win1
2024-12-01T11:05:32.650Z 9: webContents.destroyed web1
2024-12-01T11:05:32.692Z 10: window.closed win1
2024-12-01T11:55:30.768Z 11: window.close win2
2024-12-01T16:42:43.126Z 12: before-quit
2024-12-02T12:24:31.619Z 0: 

----------------------------------------------
2024-12-02T12:24:31.983Z 1: Discord starting: {"releaseChannel":"stable","version":"0.0.76"}, modulepath: /home/adib/.config/discord/0.0.76/modules
2024-12-02T12:24:32.056Z 2: ✅ webContents.created web1 ""
2024-12-02T12:24:32.130Z 3: ✅ window.created win1 "discord"
2024-12-02T12:24:33.362Z 4: ✅ webContents.did-finish-load web1
2024-12-02T12:24:34.071Z 5: ✅ webContents.created web2 ""
2024-12-02T12:24:34.190Z 6: ✅ window.created win2 "Discord"
2024-12-02T12:24:38.210Z 7: ✅ webContents.did-finish-load web2
2024-12-02T12:24:38.311Z 8: window.close win1
2024-12-02T12:24:38.344Z 9: webContents.destroyed web1
2024-12-02T12:24:38.361Z 10: window.closed win1
2024-12-02T14:02:56.892Z 11: window.close win2
2024-12-02T14:11:42.876Z 0: 

----------------------------------------------
2024-12-02T16:38:35.934Z 12: before-quit
2024-12-03T04:28:57.556Z 0: 

----------------------------------------------
2024-12-03T04:28:57.697Z 1: Discord starting: {"releaseChannel":"stable","version":"0.0.76"}, modulepath: /home/adib/.config/discord/0.0.76/modules
2024-12-03T04:28:57.856Z 2: ✅ webContents.created web1 ""
2024-12-03T04:28:57.933Z 3: ✅ window.created win1 "discord"
2024-12-03T04:28:59.351Z 4: ✅ webContents.did-finish-load web1
2024-12-03T04:28:59.911Z 5: ✅ webContents.created web2 ""
2024-12-03T04:28:59.947Z 6: ✅ window.created win2 "Discord"
2024-12-03T04:29:09.380Z 7: ✅ webContents.did-finish-load web2
2024-12-03T04:29:09.482Z 8: window.close win1
2024-12-03T04:29:09.526Z 9: webContents.destroyed web1
2024-12-03T04:29:09.568Z 10: window.closed win1
2024-12-03T04:29:18.991Z 11: window.close win2
2024-12-03T10:08:09.554Z 12: window.close win2
2024-12-03T10:43:38.966Z 13: window.close win2
2024-12-03T13:09:51.153Z 0: 

----------------------------------------------
2024-12-03T13:09:51.333Z 1: Discord starting: {"releaseChannel":"stable","version":"0.0.76"}, modulepath: /home/adib/.config/discord/0.0.76/modules
2024-12-03T13:09:51.493Z 2: ✅ webContents.created web1 ""
2024-12-03T13:09:51.577Z 3: ✅ window.created win1 "discord"
2024-12-03T13:09:53.762Z 4: ✅ webContents.did-finish-load web1
2024-12-03T13:09:54.387Z 5: ✅ webContents.created web2 ""
2024-12-03T13:09:54.407Z 6: ✅ window.created win2 "Discord"
2024-12-03T13:09:58.381Z 7: ✅ webContents.did-finish-load web2
2024-12-03T13:09:58.482Z 8: window.close win1
2024-12-03T13:09:58.531Z 9: webContents.destroyed web1
2024-12-03T13:09:58.564Z 10: window.closed win1
2024-12-03T14:08:41.068Z 11: window.close win2
2024-12-04T09:52:57.146Z 0: 

----------------------------------------------
2024-12-04T09:52:57.358Z 1: Discord starting: {"releaseChannel":"stable","version":"0.0.76"}, modulepath: /home/adib/.config/discord/0.0.76/modules
2024-12-04T09:52:57.508Z 2: ✅ webContents.created web1 ""
2024-12-04T09:52:57.608Z 3: ✅ window.created win1 "discord"
2024-12-04T09:52:59.098Z 4: ✅ webContents.did-finish-load web1
2024-12-04T09:52:59.728Z 5: ✅ webContents.created web2 ""
2024-12-04T09:52:59.756Z 6: ✅ window.created win2 "Discord"
2024-12-04T09:53:08.575Z 7: ✅ webContents.did-finish-load web2
2024-12-04T09:53:08.676Z 8: window.close win1
2024-12-04T09:53:08.743Z 9: webContents.destroyed web1
2024-12-04T09:53:08.777Z 10: window.closed win1
2024-12-04T09:55:15.989Z 11: window.close win2
2024-12-04T10:18:42.956Z 12: before-quit
2024-12-04T14:21:19.425Z 0: 

----------------------------------------------
2024-12-04T14:21:19.720Z 1: Discord starting: {"releaseChannel":"stable","version":"0.0.76"}, modulepath: /home/adib/.config/discord/0.0.76/modules
2024-12-04T14:21:19.845Z 2: ✅ webContents.created web1 ""
2024-12-04T14:21:19.964Z 3: ✅ window.created win1 "discord"
2024-12-04T14:21:21.301Z 4: ✅ webContents.did-finish-load web1
2024-12-04T14:21:21.998Z 5: ✅ webContents.created web2 ""
2024-12-04T14:21:22.088Z 6: ✅ window.created win2 "Discord"
2024-12-04T14:21:26.725Z 7: ✅ webContents.did-finish-load web2
2024-12-04T14:21:26.826Z 8: window.close win1
2024-12-04T14:21:26.904Z 9: webContents.destroyed web1
2024-12-04T14:21:26.938Z 10: window.closed win1
2024-12-04T15:20:13.893Z 11: window.close win2
2024-12-04T15:26:41.046Z 0: 

----------------------------------------------
2024-12-04T15:26:51.069Z 12: window.close win2
2024-12-04T17:57:36.468Z 13: before-quit
2024-12-05T13:08:52.697Z 0: 

----------------------------------------------
2024-12-05T13:08:52.965Z 1: Discord starting: {"releaseChannel":"stable","version":"0.0.76"}, modulepath: /home/adib/.config/discord/0.0.76/modules
2024-12-05T13:08:53.099Z 2: ✅ webContents.created web1 ""
2024-12-05T13:08:53.258Z 3: ✅ window.created win1 "discord"
2024-12-05T13:08:54.715Z 4: ✅ webContents.did-finish-load web1
2024-12-05T13:09:10.346Z 5: ✅ webContents.created web2 ""
2024-12-05T13:09:10.401Z 6: ✅ window.created win2 "Discord"
2024-12-05T13:09:14.652Z 7: ✅ webContents.did-finish-load web2
2024-12-05T13:09:14.752Z 8: window.close win1
2024-12-05T13:09:15.305Z 9: webContents.destroyed web1
2024-12-05T13:09:15.356Z 10: window.closed win1
2024-12-05T13:11:55.463Z 11: window.close win2
2024-12-05T13:46:12.218Z 0: 

----------------------------------------------
2024-12-05T13:46:17.851Z 12: window.close win2
2024-12-05T13:47:03.252Z 0: 

----------------------------------------------
2024-12-05T14:41:32.008Z 13: window.close win2
2024-12-05T14:46:56.950Z 14: window.close win2
2024-12-05T16:48:41.055Z 15: window.close win2
2024-12-05T16:52:29.863Z 16: window.close win2
2024-12-05T16:55:54.232Z 17: window.close win2
2024-12-05T17:03:16.311Z 18: window.close win2
2024-12-05T17:07:32.326Z 19: window.close win2
2024-12-05T17:16:27.617Z 20: window.close win2
2024-12-05T17:20:02.111Z 21: window.close win2
2024-12-05T17:29:32.070Z 22: window.close win2
2024-12-05T17:53:53.850Z 23: before-quit
2024-12-05T17:53:53.924Z 24: window.close win2
2024-12-05T17:53:54.033Z 25: ❌ child-process-gone {
  type: 'Utility',
  reason: 'killed',
  exitCode: 15,
  serviceName: 'audio.mojom.AudioService',
  name: 'Audio Service'
}
2024-12-06T08:11:31.059Z 0: 

----------------------------------------------
2024-12-06T08:11:31.398Z 1: Discord starting: {"releaseChannel":"stable","version":"0.0.76"}, modulepath: /home/adib/.config/discord/0.0.76/modules
2024-12-06T08:11:31.502Z 2: ✅ webContents.created web1 ""
2024-12-06T08:11:31.547Z 3: ✅ window.created win1 "discord"
2024-12-06T08:11:32.987Z 4: ✅ webContents.did-finish-load web1
2024-12-06T08:11:33.594Z 5: ✅ webContents.created web2 ""
2024-12-06T08:11:33.610Z 6: ✅ window.created win2 "Discord"
2024-12-06T08:11:42.053Z 7: ✅ webContents.did-finish-load web2
2024-12-06T08:11:42.154Z 8: window.close win1
2024-12-06T08:11:42.209Z 9: webContents.destroyed web1
2024-12-06T08:11:42.243Z 10: window.closed win1
2024-12-06T13:32:59.074Z 11: window.close win2
2024-12-06T13:52:43.904Z 12: window.close win2
2024-12-06T14:01:19.871Z 13: window.close win2
2024-12-06T15:21:24.592Z 14: window.close win2
2024-12-06T17:13:38.617Z 15: window.close win2
2024-12-06T17:22:45.617Z 16: before-quit
2024-12-06T17:22:45.665Z 17: window.close win2
