[2024-Nov-01 10:09:38.155 +06:00][ 2625: 2625][info ] Logging initialized
[2024-Nov-01 10:09:38.155 +06:00][ 2625: 2625][info ] Initializing krisp SDK...
[2024-Nov-01 10:09:38.155 +06:00][ 2625: 2625][info ] DoKrispInitialize
[2024-Nov-01 10:09:38.417 +06:00][ 2625: 2625][info ] LoadDynamicKrisp
[2024-Nov-01 10:09:38.417 +06:00][ 2625: 2625][info ] Did not find KRISP_DYLIB_PATH, skipping dynamic loading
[2024-Nov-01 10:09:38.417 +06:00][ 2625: 2625][info ] Initializing Krisp SDK in PID 2625, addr 0x764f42d907a0
[2024-Nov-01 10:09:38.564 +06:00][ 2625: 2625][info ] Initialized Krisp SDK successfully
[2024-Nov-01 10:09:38.564 +06:00][ 2625: 2625][info ] Krisp SDK initialized
[2024-Nov-18 20:45:24.418 +06:00][34735:34735][info ] Logging initialized
[2024-Nov-18 20:45:24.418 +06:00][34735:34735][info ] Initializing krisp SDK...
[2024-Nov-18 20:45:24.418 +06:00][34735:34735][info ] DoKrispInitialize
[2024-Nov-18 20:45:25.212 +06:00][34735:34735][info ] LoadDynamicKrisp
[2024-Nov-18 20:45:25.212 +06:00][34735:34735][info ] Did not find KRISP_DYLIB_PATH, skipping dynamic loading
[2024-Nov-18 20:45:25.212 +06:00][34735:34735][info ] Initializing Krisp SDK in PID 34735, addr 0x7ac8c45906f0
[2024-Nov-18 20:45:25.474 +06:00][34735:34735][info ] Initialized Krisp SDK successfully
[2024-Nov-18 20:45:25.474 +06:00][34735:34735][info ] Krisp SDK initialized
[2024-Nov-18 20:45:29.481 +06:00][34735:34735][info ] Logging initialized
[2024-Nov-18 20:45:29.481 +06:00][34735:34735][info ] Initializing krisp SDK...
[2024-Nov-18 20:45:29.481 +06:00][34735:34735][info ] Krisp SDK initialized
[2024-Nov-18 20:47:15.343 +06:00][34735:35163][info ] KrispNCSetup: sampleRate = 48000, duration = 10
[2024-Nov-18 20:47:15.343 +06:00][34735:35163][info ] Setting Krisp model: full_NC
[2024-Nov-18 20:47:15.439 +06:00][34735:35163][info ] KrispVADSetup: sampleRate = 48000, duration = 10
[2024-Nov-18 20:47:25.849 +06:00][34735:35163][info ] KrispVADSetup: sampleRate = 48000, duration = 10
[2024-Nov-18 20:47:34.429 +06:00][34735:35157][info ] KrispVADReset
[2024-Nov-18 20:47:43.043 +06:00][34735:35163][info ] KrispVADSetup: sampleRate = 48000, duration = 10
[2024-Nov-18 20:47:47.012 +06:00][34735:35157][info ] KrispVADReset
[2024-Nov-18 20:57:56.904 +06:00][34735:35157][info ] KrispVADReset
[2024-Nov-18 20:58:16.014 +06:00][34735:35163][info ] KrispVADSetup: sampleRate = 48000, duration = 10
[2024-Nov-18 20:59:43.187 +06:00][34735:35157][info ] KrispVADReset
[2024-Nov-18 20:59:52.482 +06:00][34735:35163][info ] KrispVADSetup: sampleRate = 48000, duration = 10
[2024-Nov-18 21:12:52.176 +06:00][34735:35157][info ] KrispVADReset
[2024-Nov-21 21:35:03.019 +06:00][43987:43987][info ] Logging initialized
[2024-Nov-21 21:35:03.019 +06:00][43987:43987][info ] Initializing krisp SDK...
[2024-Nov-21 21:35:03.019 +06:00][43987:43987][info ] DoKrispInitialize
[2024-Nov-21 21:35:03.278 +06:00][43987:43987][info ] LoadDynamicKrisp
[2024-Nov-21 21:35:03.278 +06:00][43987:43987][info ] Did not find KRISP_DYLIB_PATH, skipping dynamic loading
[2024-Nov-21 21:35:03.278 +06:00][43987:43987][info ] Initializing Krisp SDK in PID 43987, addr 0x79621f1906f0
[2024-Nov-21 21:35:03.429 +06:00][43987:43987][info ] Initialized Krisp SDK successfully
[2024-Nov-21 21:35:03.429 +06:00][43987:43987][info ] Krisp SDK initialized
[2024-Nov-21 21:35:23.859 +06:00][43987:44037][info ] KrispNCSetup: sampleRate = 48000, duration = 10
[2024-Nov-21 21:35:23.859 +06:00][43987:44037][info ] Setting Krisp model: full_NC
[2024-Nov-21 21:35:23.866 +06:00][43987:44037][info ] KrispVADSetup: sampleRate = 48000, duration = 10
[2024-Nov-21 21:36:33.906 +06:00][43987:44029][info ] KrispVADReset
[2024-Nov-21 21:36:35.202 +06:00][43987:44037][info ] KrispVADSetup: sampleRate = 48000, duration = 10
[2024-Nov-21 22:01:03.473 +06:00][43987:44029][info ] KrispVADReset
[2024-Nov-21 22:01:04.612 +06:00][43987:44037][info ] KrispVADSetup: sampleRate = 48000, duration = 10
[2024-Nov-21 22:44:27.529 +06:00][43987:44029][info ] KrispVADReset
[2024-Nov-21 22:44:28.446 +06:00][43987:44037][info ] KrispVADSetup: sampleRate = 48000, duration = 10
[2024-Nov-21 22:45:08.379 +06:00][43987:44029][info ] KrispVADReset
[2024-Nov-21 22:45:08.936 +06:00][43987:44037][info ] KrispVADSetup: sampleRate = 48000, duration = 10
[2024-Nov-21 22:48:26.421 +06:00][43987:44037][info ] KrispVADSetup: sampleRate = 48000, duration = 10
[2024-Nov-21 22:48:32.454 +06:00][43987:44029][info ] KrispVADReset
[2024-Nov-21 22:48:57.656 +06:00][43987:44029][info ] KrispVADReset
[2024-Nov-21 22:48:58.037 +06:00][43987:44037][info ] KrispVADSetup: sampleRate = 48000, duration = 10
[2024-Nov-21 22:49:03.793 +06:00][43987:44029][info ] KrispVADReset
[2024-Nov-21 22:49:04.948 +06:00][43987:44037][info ] KrispVADSetup: sampleRate = 48000, duration = 10
[2024-Nov-21 23:18:59.264 +06:00][43987:44029][info ] KrispVADReset
[2024-Nov-21 23:18:59.655 +06:00][43987:44037][info ] KrispVADSetup: sampleRate = 48000, duration = 10
[2024-Nov-21 23:19:23.995 +06:00][43987:44029][info ] KrispVADReset
[2024-Nov-21 23:19:24.583 +06:00][43987:44037][info ] KrispVADSetup: sampleRate = 48000, duration = 10
[2024-Nov-21 23:19:26.606 +06:00][43987:44029][info ] KrispVADReset
[2024-Nov-21 23:19:26.908 +06:00][43987:44037][info ] KrispVADSetup: sampleRate = 48000, duration = 10
[2024-Nov-21 23:20:30.370 +06:00][43987:44029][info ] KrispVADReset
[2024-Nov-21 23:20:31.055 +06:00][43987:44037][info ] KrispVADSetup: sampleRate = 48000, duration = 10
[2024-Nov-21 23:58:45.451 +06:00][43987:44029][info ] KrispVADReset
[2024-Nov-21 23:58:46.379 +06:00][43987:44037][info ] KrispVADSetup: sampleRate = 48000, duration = 10
[2024-Nov-21 23:58:49.791 +06:00][43987:44029][info ] KrispVADReset
[2024-Nov-21 23:58:54.656 +06:00][43987:44037][info ] KrispVADSetup: sampleRate = 48000, duration = 10
[2024-Nov-21 23:59:02.544 +06:00][43987:44029][info ] KrispVADReset
[2024-Nov-21 23:59:04.982 +06:00][43987:44037][info ] KrispVADSetup: sampleRate = 48000, duration = 10
[2024-Nov-22 00:17:37.001 +06:00][43987:44029][info ] KrispVADReset
[2024-Nov-22 00:17:40.793 +06:00][43987:44037][info ] KrispVADSetup: sampleRate = 48000, duration = 10
[2024-Nov-22 00:17:50.815 +06:00][43987:44029][info ] KrispVADReset
[2024-Nov-23 21:53:59.421 +06:00][ 1208: 1208][info ] Logging initialized
[2024-Nov-23 21:53:59.421 +06:00][ 1208: 1208][info ] Initializing krisp SDK...
[2024-Nov-23 21:53:59.421 +06:00][ 1208: 1208][info ] DoKrispInitialize
[2024-Nov-23 21:54:00.134 +06:00][ 1208: 1208][info ] LoadDynamicKrisp
[2024-Nov-23 21:54:00.134 +06:00][ 1208: 1208][info ] Did not find KRISP_DYLIB_PATH, skipping dynamic loading
[2024-Nov-23 21:54:00.134 +06:00][ 1208: 1208][info ] Initializing Krisp SDK in PID 1208, addr 0x7e97ee7906f0
[2024-Nov-23 21:54:00.400 +06:00][ 1208: 1208][info ] Initialized Krisp SDK successfully
[2024-Nov-23 21:54:00.400 +06:00][ 1208: 1208][info ] Krisp SDK initialized
[2024-Nov-23 21:54:16.723 +06:00][ 1208: 1240][info ] KrispNCSetup: sampleRate = 48000, duration = 10
[2024-Nov-23 21:54:16.723 +06:00][ 1208: 1240][info ] Setting Krisp model: full_NC
[2024-Nov-23 21:54:16.838 +06:00][ 1208: 1240][info ] KrispVADSetup: sampleRate = 48000, duration = 10
[2024-Nov-23 21:54:20.103 +06:00][ 1208: 1234][info ] KrispVADReset
[2024-Nov-23 21:54:41.615 +06:00][ 1208: 1240][info ] KrispNCReset
[2024-Nov-23 21:54:41.615 +06:00][ 1208: 1240][info ] KrispNCSetup: sampleRate = 8000, duration = 10
[2024-Nov-23 21:54:41.615 +06:00][ 1208: 1240][info ] Setting Krisp model: small_NC_8k
[2024-Nov-23 21:54:41.616 +06:00][ 1208: 1240][info ] KrispVADSetup: sampleRate = 8000, duration = 10
[2024-Nov-23 21:55:22.788 +06:00][ 1208: 1234][info ] KrispVADReset
[2024-Nov-23 21:55:22.789 +06:00][ 1208: 1240][info ] KrispNCReset
[2024-Nov-23 21:55:22.789 +06:00][ 1208: 1240][info ] KrispNCSetup: sampleRate = 48000, duration = 10
[2024-Nov-23 21:55:22.789 +06:00][ 1208: 1240][info ] Setting Krisp model: full_NC
[2024-Nov-23 21:55:22.795 +06:00][ 1208: 1240][info ] KrispVADSetup: sampleRate = 48000, duration = 10
[2024-Nov-23 21:55:24.714 +06:00][ 1208: 1234][info ] KrispVADReset
[2024-Nov-23 21:55:24.760 +06:00][ 1208: 1240][info ] KrispNCReset
[2024-Nov-23 21:55:24.760 +06:00][ 1208: 1240][info ] KrispNCSetup: sampleRate = 8000, duration = 10
[2024-Nov-23 21:55:24.760 +06:00][ 1208: 1240][info ] Setting Krisp model: small_NC_8k
[2024-Nov-23 21:55:24.761 +06:00][ 1208: 1240][info ] KrispVADSetup: sampleRate = 8000, duration = 10
[2024-Nov-23 21:55:37.613 +06:00][ 1208: 1234][info ] KrispVADReset
[2024-Nov-23 21:55:37.613 +06:00][ 1208: 1240][info ] KrispVADSetup: sampleRate = 8000, duration = 10
[2024-Nov-23 21:55:37.613 +06:00][ 1208: 1240][info ] KrispNCReset
[2024-Nov-23 21:55:37.613 +06:00][ 1208: 1240][info ] KrispNCSetup: sampleRate = 48000, duration = 10
[2024-Nov-23 21:55:37.613 +06:00][ 1208: 1240][info ] Setting Krisp model: full_NC
[2024-Nov-23 21:55:37.619 +06:00][ 1208: 1240][info ] KrispVADReset
[2024-Nov-23 21:55:37.619 +06:00][ 1208: 1240][info ] KrispVADSetup: sampleRate = 48000, duration = 10
[2024-Nov-23 21:55:41.346 +06:00][ 1208: 1234][info ] KrispVADReset
[2024-Nov-23 21:55:41.413 +06:00][ 1208: 1240][info ] KrispNCReset
[2024-Nov-23 21:55:41.413 +06:00][ 1208: 1240][info ] KrispNCSetup: sampleRate = 8000, duration = 10
[2024-Nov-23 21:55:41.413 +06:00][ 1208: 1240][info ] Setting Krisp model: small_NC_8k
[2024-Nov-23 21:55:41.414 +06:00][ 1208: 1240][info ] KrispVADSetup: sampleRate = 8000, duration = 10
[2024-Nov-23 21:55:59.563 +06:00][ 1208: 1234][info ] KrispVADReset
[2024-Nov-23 21:55:59.577 +06:00][ 1208: 1240][info ] KrispNCReset
[2024-Nov-23 21:55:59.577 +06:00][ 1208: 1240][info ] KrispNCSetup: sampleRate = 48000, duration = 10
[2024-Nov-23 21:55:59.577 +06:00][ 1208: 1240][info ] Setting Krisp model: full_NC
[2024-Nov-23 21:55:59.583 +06:00][ 1208: 1240][info ] KrispVADSetup: sampleRate = 48000, duration = 10
[2024-Nov-23 21:56:01.758 +06:00][ 1208: 1234][info ] KrispVADReset
[2024-Nov-23 21:56:01.838 +06:00][ 1208: 1240][info ] KrispNCReset
[2024-Nov-23 21:56:01.839 +06:00][ 1208: 1240][info ] KrispNCSetup: sampleRate = 8000, duration = 10
[2024-Nov-23 21:56:01.839 +06:00][ 1208: 1240][info ] Setting Krisp model: small_NC_8k
[2024-Nov-23 21:56:01.839 +06:00][ 1208: 1240][info ] KrispVADSetup: sampleRate = 8000, duration = 10
[2024-Nov-23 21:56:02.328 +06:00][ 1208: 1234][info ] KrispVADReset
[2024-Nov-23 21:56:02.328 +06:00][ 1208: 1240][info ] KrispNCReset
[2024-Nov-23 21:56:02.328 +06:00][ 1208: 1240][info ] KrispNCSetup: sampleRate = 48000, duration = 10
[2024-Nov-23 21:56:02.328 +06:00][ 1208: 1240][info ] Setting Krisp model: full_NC
[2024-Nov-23 21:56:02.334 +06:00][ 1208: 1240][info ] KrispVADSetup: sampleRate = 48000, duration = 10
[2024-Nov-23 21:56:04.610 +06:00][ 1208: 1234][info ] KrispVADReset
[2024-Nov-23 21:56:04.699 +06:00][ 1208: 1240][info ] KrispNCReset
[2024-Nov-23 21:56:04.699 +06:00][ 1208: 1240][info ] KrispNCSetup: sampleRate = 8000, duration = 10
[2024-Nov-23 21:56:04.699 +06:00][ 1208: 1240][info ] Setting Krisp model: small_NC_8k
[2024-Nov-23 21:56:04.700 +06:00][ 1208: 1240][info ] KrispVADSetup: sampleRate = 8000, duration = 10
[2024-Nov-23 21:56:16.270 +06:00][ 1208: 1240][info ] KrispNCReset
[2024-Nov-23 21:56:16.270 +06:00][ 1208: 1240][info ] KrispNCSetup: sampleRate = 48000, duration = 10
[2024-Nov-23 21:56:16.270 +06:00][ 1208: 1240][info ] Setting Krisp model: full_NC
[2024-Nov-23 21:56:16.270 +06:00][ 1208: 1234][info ] KrispVADReset
[2024-Nov-23 21:56:16.276 +06:00][ 1208: 1240][info ] KrispVADSetup: sampleRate = 48000, duration = 10
[2024-Nov-23 21:56:29.898 +06:00][ 1208: 1234][info ] KrispVADReset
[2024-Nov-23 21:56:29.990 +06:00][ 1208: 1240][info ] KrispNCReset
[2024-Nov-23 21:56:29.990 +06:00][ 1208: 1240][info ] KrispNCSetup: sampleRate = 8000, duration = 10
[2024-Nov-23 21:56:29.990 +06:00][ 1208: 1240][info ] Setting Krisp model: small_NC_8k
[2024-Nov-23 21:56:29.991 +06:00][ 1208: 1240][info ] KrispVADSetup: sampleRate = 8000, duration = 10
[2024-Nov-23 21:56:33.453 +06:00][ 1208: 1234][info ] KrispVADReset
[2024-Nov-23 21:57:36.091 +06:00][ 1208: 1240][info ] KrispNCReset
[2024-Nov-23 21:57:36.091 +06:00][ 1208: 1240][info ] KrispNCSetup: sampleRate = 48000, duration = 10
[2024-Nov-23 21:57:36.091 +06:00][ 1208: 1240][info ] Setting Krisp model: full_NC
[2024-Nov-23 21:57:36.097 +06:00][ 1208: 1240][info ] KrispVADSetup: sampleRate = 48000, duration = 10
[2024-Nov-23 22:50:54.647 +06:00][ 1208: 1234][info ] KrispVADReset
[2024-Nov-23 22:50:56.886 +06:00][ 1208: 1240][info ] KrispVADSetup: sampleRate = 48000, duration = 10
[2024-Nov-23 22:51:43.268 +06:00][ 1208: 1234][info ] KrispVADReset
[2024-Nov-24 22:59:31.227 +06:00][109834:109834][info ] Logging initialized
[2024-Nov-24 22:59:31.228 +06:00][109834:109834][info ] Initializing krisp SDK...
[2024-Nov-24 22:59:31.228 +06:00][109834:109834][info ] DoKrispInitialize
[2024-Nov-24 22:59:31.903 +06:00][109834:109834][info ] LoadDynamicKrisp
[2024-Nov-24 22:59:31.903 +06:00][109834:109834][info ] Did not find KRISP_DYLIB_PATH, skipping dynamic loading
[2024-Nov-24 22:59:31.903 +06:00][109834:109834][info ] Initializing Krisp SDK in PID 109834, addr 0x7f588f3906f0
[2024-Nov-24 22:59:32.223 +06:00][109834:109834][info ] Initialized Krisp SDK successfully
[2024-Nov-24 22:59:32.223 +06:00][109834:109834][info ] Krisp SDK initialized
[2024-Nov-24 23:01:23.930 +06:00][109834:109999][info ] KrispNCSetup: sampleRate = 48000, duration = 10
[2024-Nov-24 23:01:23.930 +06:00][109834:109999][info ] Setting Krisp model: full_NC
[2024-Nov-24 23:01:24.035 +06:00][109834:109999][info ] KrispVADSetup: sampleRate = 48000, duration = 10
[2024-Nov-24 23:01:30.715 +06:00][109834:109999][info ] KrispVADSetup: sampleRate = 48000, duration = 10
[2024-Nov-24 23:01:36.722 +06:00][109834:109993][info ] KrispVADReset
[2024-Nov-25 00:11:00.393 +06:00][109834:109993][info ] KrispVADReset
[2024-Nov-26 23:11:16.185 +06:00][108443:108443][info ] Logging initialized
[2024-Nov-26 23:11:16.185 +06:00][108443:108443][info ] Initializing krisp SDK...
[2024-Nov-26 23:11:16.185 +06:00][108443:108443][info ] DoKrispInitialize
[2024-Nov-26 23:11:16.439 +06:00][108443:108443][info ] LoadDynamicKrisp
[2024-Nov-26 23:11:16.439 +06:00][108443:108443][info ] Did not find KRISP_DYLIB_PATH, skipping dynamic loading
[2024-Nov-26 23:11:16.439 +06:00][108443:108443][info ] Initializing Krisp SDK in PID 108443, addr 0x7786f9d906f0
[2024-Nov-26 23:11:16.601 +06:00][108443:108443][info ] Initialized Krisp SDK successfully
[2024-Nov-26 23:11:16.602 +06:00][108443:108443][info ] Krisp SDK initialized
[2024-Nov-26 23:11:34.845 +06:00][108443:108495][info ] KrispNCSetup: sampleRate = 48000, duration = 10
[2024-Nov-26 23:11:34.845 +06:00][108443:108495][info ] Setting Krisp model: full_NC
[2024-Nov-26 23:11:34.853 +06:00][108443:108495][info ] KrispVADSetup: sampleRate = 48000, duration = 10
[2024-Nov-26 23:13:06.515 +06:00][108443:108495][info ] KrispVADSetup: sampleRate = 48000, duration = 10
[2024-Nov-26 23:13:12.640 +06:00][108443:108487][info ] KrispVADReset
[2024-Nov-26 23:13:23.689 +06:00][108443:108495][info ] KrispVADSetup: sampleRate = 48000, duration = 10
[2024-Nov-26 23:13:26.710 +06:00][108443:108487][info ] KrispVADReset
[2024-Nov-26 23:15:01.622 +06:00][108443:108495][info ] KrispVADSetup: sampleRate = 48000, duration = 10
[2024-Nov-26 23:15:04.693 +06:00][108443:108487][info ] KrispVADReset
[2024-Nov-26 23:15:46.666 +06:00][108443:108495][info ] KrispVADSetup: sampleRate = 48000, duration = 10
[2024-Nov-26 23:16:23.012 +06:00][108443:108487][info ] KrispVADReset
[2024-Nov-27 00:57:24.210 +06:00][108443:108487][info ] KrispVADReset
[2024-Nov-27 23:02:08.724 +06:00][81717:81717][info ] Logging initialized
[2024-Nov-27 23:02:08.724 +06:00][81717:81717][info ] Initializing krisp SDK...
[2024-Nov-27 23:02:08.724 +06:00][81717:81717][info ] DoKrispInitialize
[2024-Nov-27 23:02:09.471 +06:00][81717:81717][info ] LoadDynamicKrisp
[2024-Nov-27 23:02:09.471 +06:00][81717:81717][info ] Did not find KRISP_DYLIB_PATH, skipping dynamic loading
[2024-Nov-27 23:02:09.471 +06:00][81717:81717][info ] Initializing Krisp SDK in PID 81717, addr 0x7416407906f0
[2024-Nov-27 23:02:09.718 +06:00][81717:81717][info ] Initialized Krisp SDK successfully
[2024-Nov-27 23:02:09.718 +06:00][81717:81717][info ] Krisp SDK initialized
[2024-Nov-27 23:02:21.327 +06:00][81717:81911][info ] KrispNCSetup: sampleRate = 48000, duration = 10
[2024-Nov-27 23:02:21.327 +06:00][81717:81911][info ] Setting Krisp model: full_NC
[2024-Nov-27 23:02:21.422 +06:00][81717:81911][info ] KrispVADSetup: sampleRate = 48000, duration = 10
[2024-Nov-27 23:27:39.462 +06:00][81717:81903][info ] KrispVADReset
[2024-Nov-27 23:27:40.425 +06:00][81717:81911][info ] KrispVADSetup: sampleRate = 48000, duration = 10
[2024-Nov-27 23:30:36.792 +06:00][81717:81903][info ] KrispVADReset
[2024-Nov-27 23:30:37.914 +06:00][81717:81911][info ] KrispVADSetup: sampleRate = 48000, duration = 10
[2024-Nov-27 23:31:16.745 +06:00][81717:81903][info ] KrispVADReset
[2024-Nov-27 23:31:17.722 +06:00][81717:81911][info ] KrispVADSetup: sampleRate = 48000, duration = 10
[2024-Nov-27 23:33:29.889 +06:00][81717:81911][info ] KrispVADSetup: sampleRate = 48000, duration = 10
[2024-Nov-27 23:33:37.686 +06:00][81717:81903][info ] KrispVADReset
[2024-Nov-27 23:33:46.421 +06:00][81717:81911][info ] KrispVADSetup: sampleRate = 48000, duration = 10
[2024-Nov-27 23:33:54.362 +06:00][81717:81903][info ] KrispVADReset
[2024-Nov-27 23:34:01.968 +06:00][81717:81903][info ] KrispVADReset
[2024-Nov-27 23:34:03.402 +06:00][81717:81911][info ] KrispVADSetup: sampleRate = 48000, duration = 10
[2024-Nov-27 23:47:25.105 +06:00][81717:81903][info ] KrispVADReset
[2024-Nov-29 14:50:01.731 +06:00][106003:106003][info ] Logging initialized
[2024-Nov-29 14:50:01.731 +06:00][106003:106003][info ] Initializing krisp SDK...
[2024-Nov-29 14:50:01.731 +06:00][106003:106003][info ] DoKrispInitialize
[2024-Nov-29 14:50:02.413 +06:00][106003:106003][info ] LoadDynamicKrisp
[2024-Nov-29 14:50:02.413 +06:00][106003:106003][info ] Did not find KRISP_DYLIB_PATH, skipping dynamic loading
[2024-Nov-29 14:50:02.413 +06:00][106003:106003][info ] Initializing Krisp SDK in PID 106003, addr 0x7b76ec3906f0
[2024-Nov-29 14:50:02.666 +06:00][106003:106003][info ] Initialized Krisp SDK successfully
[2024-Nov-29 14:50:02.666 +06:00][106003:106003][info ] Krisp SDK initialized
[2024-Nov-30 23:00:48.460 +06:00][241158:241158][info ] Logging initialized
[2024-Nov-30 23:00:48.460 +06:00][241158:241158][info ] Initializing krisp SDK...
[2024-Nov-30 23:00:48.460 +06:00][241158:241158][info ] DoKrispInitialize
[2024-Nov-30 23:00:49.243 +06:00][241158:241158][info ] LoadDynamicKrisp
[2024-Nov-30 23:00:49.243 +06:00][241158:241158][info ] Did not find KRISP_DYLIB_PATH, skipping dynamic loading
[2024-Nov-30 23:00:49.243 +06:00][241158:241158][info ] Initializing Krisp SDK in PID 241158, addr 0x7bec239906f0
[2024-Nov-30 23:00:49.504 +06:00][241158:241158][info ] Initialized Krisp SDK successfully
[2024-Nov-30 23:00:49.504 +06:00][241158:241158][info ] Krisp SDK initialized
[2024-Nov-30 23:01:09.948 +06:00][241158:241644][info ] KrispNCSetup: sampleRate = 48000, duration = 10
[2024-Nov-30 23:01:09.948 +06:00][241158:241644][info ] Setting Krisp model: full_NC
[2024-Nov-30 23:01:10.065 +06:00][241158:241644][info ] KrispVADSetup: sampleRate = 48000, duration = 10
[2024-Nov-30 23:01:27.442 +06:00][241158:241644][info ] KrispVADSetup: sampleRate = 48000, duration = 10
[2024-Nov-30 23:01:34.975 +06:00][241158:241594][info ] KrispVADReset
[2024-Nov-30 23:22:36.091 +06:00][241158:241594][info ] KrispVADReset
[2024-Dec-01 17:05:30.352 +06:00][74887:74887][info ] Logging initialized
[2024-Dec-01 17:05:30.352 +06:00][74887:74887][info ] Initializing krisp SDK...
[2024-Dec-01 17:05:30.352 +06:00][74887:74887][info ] DoKrispInitialize
[2024-Dec-01 17:05:31.068 +06:00][74887:74887][info ] LoadDynamicKrisp
[2024-Dec-01 17:05:31.068 +06:00][74887:74887][info ] Did not find KRISP_DYLIB_PATH, skipping dynamic loading
[2024-Dec-01 17:05:31.068 +06:00][74887:74887][info ] Initializing Krisp SDK in PID 74887, addr 0x78a84ad906f0
[2024-Dec-01 17:05:31.412 +06:00][74887:74887][info ] Initialized Krisp SDK successfully
[2024-Dec-01 17:05:31.412 +06:00][74887:74887][info ] Krisp SDK initialized
[2024-Dec-01 17:09:06.159 +06:00][74887:74936][info ] KrispNCSetup: sampleRate = 48000, duration = 10
[2024-Dec-01 17:09:06.159 +06:00][74887:74936][info ] Setting Krisp model: full_NC
[2024-Dec-01 17:09:06.266 +06:00][74887:74936][info ] KrispVADSetup: sampleRate = 48000, duration = 10
[2024-Dec-01 17:09:12.517 +06:00][74887:74936][info ] KrispVADSetup: sampleRate = 48000, duration = 10
[2024-Dec-01 17:09:20.547 +06:00][74887:74929][info ] KrispVADReset
[2024-Dec-01 17:18:02.827 +06:00][74887:74936][info ] KrispVADSetup: sampleRate = 48000, duration = 10
[2024-Dec-01 17:18:11.275 +06:00][74887:74929][info ] KrispVADReset
[2024-Dec-01 17:55:27.993 +06:00][74887:74929][info ] KrispVADReset
[2024-Dec-02 18:24:36.005 +06:00][25791:25791][info ] Logging initialized
[2024-Dec-02 18:24:36.005 +06:00][25791:25791][info ] Initializing krisp SDK...
[2024-Dec-02 18:24:36.005 +06:00][25791:25791][info ] DoKrispInitialize
[2024-Dec-02 18:24:36.861 +06:00][25791:25791][info ] LoadDynamicKrisp
[2024-Dec-02 18:24:36.861 +06:00][25791:25791][info ] Did not find KRISP_DYLIB_PATH, skipping dynamic loading
[2024-Dec-02 18:24:36.861 +06:00][25791:25791][info ] Initializing Krisp SDK in PID 25791, addr 0x7194699906f0
[2024-Dec-02 18:24:37.129 +06:00][25791:25791][info ] Initialized Krisp SDK successfully
[2024-Dec-02 18:24:37.129 +06:00][25791:25791][info ] Krisp SDK initialized
[2024-Dec-02 18:24:49.627 +06:00][25791:25821][info ] KrispNCSetup: sampleRate = 48000, duration = 10
[2024-Dec-02 18:24:49.627 +06:00][25791:25821][info ] Setting Krisp model: full_NC
[2024-Dec-02 18:24:49.716 +06:00][25791:25821][info ] KrispVADSetup: sampleRate = 48000, duration = 10
[2024-Dec-02 18:30:31.801 +06:00][25791:25815][info ] KrispVADReset
[2024-Dec-02 18:30:37.915 +06:00][25791:25821][info ] KrispVADSetup: sampleRate = 48000, duration = 10
[2024-Dec-02 18:32:03.071 +06:00][25791:25815][info ] KrispVADReset
[2024-Dec-02 18:32:22.249 +06:00][25791:25821][info ] KrispVADSetup: sampleRate = 48000, duration = 10
[2024-Dec-02 18:32:27.719 +06:00][25791:25815][info ] KrispVADReset
[2024-Dec-02 18:46:22.369 +06:00][25791:25821][info ] KrispVADSetup: sampleRate = 48000, duration = 10
[2024-Dec-02 19:52:38.808 +06:00][25791:25815][info ] KrispVADReset
[2024-Dec-02 20:11:46.095 +06:00][25791:25821][info ] KrispVADSetup: sampleRate = 48000, duration = 10
[2024-Dec-02 20:14:22.170 +06:00][25791:25815][info ] KrispVADReset
[2024-Dec-02 20:21:44.271 +06:00][25791:25821][info ] KrispVADSetup: sampleRate = 48000, duration = 10
[2024-Dec-02 20:21:56.313 +06:00][25791:25821][info ] KrispVADSetup: sampleRate = 48000, duration = 10
[2024-Dec-02 20:22:01.401 +06:00][25791:25815][info ] KrispVADReset
[2024-Dec-02 20:24:43.406 +06:00][25791:25815][info ] KrispVADReset
[2024-Dec-02 20:27:22.912 +06:00][25791:25821][info ] KrispVADSetup: sampleRate = 48000, duration = 10
[2024-Dec-02 20:40:42.423 +06:00][25791:25815][info ] KrispVADReset
[2024-Dec-03 10:29:07.045 +06:00][38848:38848][info ] Logging initialized
[2024-Dec-03 10:29:07.045 +06:00][38848:38848][info ] Initializing krisp SDK...
[2024-Dec-03 10:29:07.045 +06:00][38848:38848][info ] DoKrispInitialize
[2024-Dec-03 10:29:07.723 +06:00][38848:38848][info ] LoadDynamicKrisp
[2024-Dec-03 10:29:07.723 +06:00][38848:38848][info ] Did not find KRISP_DYLIB_PATH, skipping dynamic loading
[2024-Dec-03 10:29:07.723 +06:00][38848:38848][info ] Initializing Krisp SDK in PID 38848, addr 0x75bed55906f0
[2024-Dec-03 10:29:07.976 +06:00][38848:38848][info ] Initialized Krisp SDK successfully
[2024-Dec-03 10:29:07.976 +06:00][38848:38848][info ] Krisp SDK initialized
[2024-Dec-03 16:18:43.058 +06:00][38848:38880][info ] KrispNCSetup: sampleRate = 48000, duration = 10
[2024-Dec-03 16:18:43.058 +06:00][38848:38880][info ] Setting Krisp model: full_NC
[2024-Dec-03 16:18:43.117 +06:00][38848:38880][info ] KrispVADSetup: sampleRate = 48000, duration = 10
[2024-Dec-03 16:43:34.818 +06:00][38848:38874][info ] KrispVADReset
[2024-Dec-03 19:09:56.429 +06:00][23057:23057][info ] Logging initialized
[2024-Dec-03 19:09:56.429 +06:00][23057:23057][info ] Initializing krisp SDK...
[2024-Dec-03 19:09:56.429 +06:00][23057:23057][info ] DoKrispInitialize
[2024-Dec-03 19:09:57.159 +06:00][23057:23057][info ] LoadDynamicKrisp
[2024-Dec-03 19:09:57.159 +06:00][23057:23057][info ] Did not find KRISP_DYLIB_PATH, skipping dynamic loading
[2024-Dec-03 19:09:57.159 +06:00][23057:23057][info ] Initializing Krisp SDK in PID 23057, addr 0x744b729906f0
[2024-Dec-03 19:09:57.412 +06:00][23057:23057][info ] Initialized Krisp SDK successfully
[2024-Dec-03 19:09:57.412 +06:00][23057:23057][info ] Krisp SDK initialized
[2024-Dec-03 19:10:23.724 +06:00][23057:23087][info ] KrispNCSetup: sampleRate = 48000, duration = 10
[2024-Dec-03 19:10:23.724 +06:00][23057:23087][info ] Setting Krisp model: full_NC
[2024-Dec-03 19:10:23.806 +06:00][23057:23087][info ] KrispVADSetup: sampleRate = 48000, duration = 10
[2024-Dec-03 20:11:40.090 +06:00][23057:23081][info ] KrispVADReset
[2024-Dec-04 15:53:06.458 +06:00][ 8725: 8725][info ] Logging initialized
[2024-Dec-04 15:53:06.458 +06:00][ 8725: 8725][info ] Initializing krisp SDK...
[2024-Dec-04 15:53:06.458 +06:00][ 8725: 8725][info ] DoKrispInitialize
[2024-Dec-04 15:53:07.172 +06:00][ 8725: 8725][info ] LoadDynamicKrisp
[2024-Dec-04 15:53:07.172 +06:00][ 8725: 8725][info ] Did not find KRISP_DYLIB_PATH, skipping dynamic loading
[2024-Dec-04 15:53:07.172 +06:00][ 8725: 8725][info ] Initializing Krisp SDK in PID 8725, addr 0x76f3ae9906f0
[2024-Dec-04 15:53:07.432 +06:00][ 8725: 8725][info ] Initialized Krisp SDK successfully
[2024-Dec-04 15:53:07.432 +06:00][ 8725: 8725][info ] Krisp SDK initialized
[2024-Dec-04 20:21:24.493 +06:00][69498:69498][info ] Logging initialized
[2024-Dec-04 20:21:24.493 +06:00][69498:69498][info ] Initializing krisp SDK...
[2024-Dec-04 20:21:24.493 +06:00][69498:69498][info ] DoKrispInitialize
[2024-Dec-04 20:21:25.259 +06:00][69498:69498][info ] LoadDynamicKrisp
[2024-Dec-04 20:21:25.259 +06:00][69498:69498][info ] Did not find KRISP_DYLIB_PATH, skipping dynamic loading
[2024-Dec-04 20:21:25.259 +06:00][69498:69498][info ] Initializing Krisp SDK in PID 69498, addr 0x7e99e65906f0
[2024-Dec-04 20:21:25.560 +06:00][69498:69498][info ] Initialized Krisp SDK successfully
[2024-Dec-04 20:21:25.560 +06:00][69498:69498][info ] Krisp SDK initialized
[2024-Dec-04 20:21:34.783 +06:00][69498:69528][info ] KrispNCSetup: sampleRate = 48000, duration = 10
[2024-Dec-04 20:21:34.783 +06:00][69498:69528][info ] Setting Krisp model: full_NC
[2024-Dec-04 20:21:34.881 +06:00][69498:69528][info ] KrispVADSetup: sampleRate = 48000, duration = 10
[2024-Dec-04 20:21:50.153 +06:00][69498:69528][info ] KrispVADSetup: sampleRate = 48000, duration = 10
[2024-Dec-04 20:21:53.414 +06:00][69498:69522][info ] KrispVADReset
[2024-Dec-04 21:13:12.294 +06:00][69498:69528][info ] KrispVADSetup: sampleRate = 48000, duration = 10
[2024-Dec-04 21:26:49.904 +06:00][69498:69522][info ] KrispVADReset
[2024-Dec-04 21:26:50.617 +06:00][69498:69522][info ] KrispVADReset
[2024-Dec-05 19:09:12.625 +06:00][120263:120263][info ] Logging initialized
[2024-Dec-05 19:09:12.625 +06:00][120263:120263][info ] Initializing krisp SDK...
[2024-Dec-05 19:09:12.625 +06:00][120263:120263][info ] DoKrispInitialize
[2024-Dec-05 19:09:13.329 +06:00][120263:120263][info ] LoadDynamicKrisp
[2024-Dec-05 19:09:13.329 +06:00][120263:120263][info ] Did not find KRISP_DYLIB_PATH, skipping dynamic loading
[2024-Dec-05 19:09:13.329 +06:00][120263:120263][info ] Initializing Krisp SDK in PID 120263, addr 0x721b009906f0
[2024-Dec-05 19:09:13.590 +06:00][120263:120263][info ] Initialized Krisp SDK successfully
[2024-Dec-05 19:09:13.590 +06:00][120263:120263][info ] Krisp SDK initialized
[2024-Dec-05 19:47:42.119 +06:00][120263:120293][info ] KrispNCSetup: sampleRate = 48000, duration = 10
[2024-Dec-05 19:47:42.119 +06:00][120263:120293][info ] Setting Krisp model: full_NC
[2024-Dec-05 19:47:42.178 +06:00][120263:120293][info ] KrispVADSetup: sampleRate = 48000, duration = 10
[2024-Dec-05 19:47:47.249 +06:00][120263:120293][info ] KrispVADSetup: sampleRate = 48000, duration = 10
[2024-Dec-05 19:47:51.207 +06:00][120263:120287][info ] KrispVADReset
[2024-Dec-05 19:50:36.155 +06:00][120263:120287][info ] KrispVADReset
[2024-Dec-05 19:50:44.200 +06:00][120263:120293][info ] KrispVADSetup: sampleRate = 48000, duration = 10
[2024-Dec-05 20:34:05.822 +06:00][120263:120293][info ] KrispVADSetup: sampleRate = 48000, duration = 10
[2024-Dec-05 20:34:09.936 +06:00][120263:120287][info ] KrispVADReset
[2024-Dec-05 20:41:31.544 +06:00][120263:120287][info ] KrispVADReset
[2024-Dec-05 20:46:07.155 +06:00][120263:120293][info ] KrispVADSetup: sampleRate = 48000, duration = 10
[2024-Dec-05 20:46:35.812 +06:00][120263:120287][info ] KrispVADReset
[2024-Dec-05 20:46:37.986 +06:00][120263:120293][info ] KrispVADSetup: sampleRate = 48000, duration = 10
[2024-Dec-05 20:46:54.977 +06:00][120263:120287][info ] KrispVADReset
[2024-Dec-05 22:41:33.925 +06:00][120263:120293][info ] KrispVADSetup: sampleRate = 48000, duration = 10
[2024-Dec-05 22:41:41.806 +06:00][120263:120287][info ] KrispVADReset
[2024-Dec-05 22:41:57.289 +06:00][120263:120293][info ] KrispNCReset
[2024-Dec-05 22:41:57.289 +06:00][120263:120293][info ] KrispNCSetup: sampleRate = 8000, duration = 10
[2024-Dec-05 22:41:57.289 +06:00][120263:120293][info ] Setting Krisp model: small_NC_8k
[2024-Dec-05 22:41:57.290 +06:00][120263:120293][info ] KrispVADSetup: sampleRate = 8000, duration = 10
[2024-Dec-05 22:41:59.329 +06:00][120263:120287][info ] KrispVADReset
[2024-Dec-05 22:42:02.187 +06:00][120263:120293][info ] KrispNCReset
[2024-Dec-05 22:42:02.187 +06:00][120263:120293][info ] KrispNCSetup: sampleRate = 48000, duration = 10
[2024-Dec-05 22:42:02.187 +06:00][120263:120293][info ] Setting Krisp model: full_NC
[2024-Dec-05 22:42:02.193 +06:00][120263:120293][info ] KrispVADSetup: sampleRate = 48000, duration = 10
[2024-Dec-05 22:48:37.896 +06:00][120263:120287][info ] KrispVADReset
[2024-Dec-05 22:52:18.757 +06:00][120263:120293][info ] KrispVADSetup: sampleRate = 48000, duration = 10
[2024-Dec-05 22:52:29.439 +06:00][120263:120287][info ] KrispVADReset
[2024-Dec-05 22:55:13.735 +06:00][120263:120293][info ] KrispVADSetup: sampleRate = 48000, duration = 10
[2024-Dec-05 23:03:15.588 +06:00][120263:120287][info ] KrispVADReset
[2024-Dec-05 23:14:38.513 +06:00][120263:120293][info ] KrispNCReset
[2024-Dec-05 23:14:38.513 +06:00][120263:120293][info ] KrispNCSetup: sampleRate = 8000, duration = 10
[2024-Dec-05 23:14:38.513 +06:00][120263:120293][info ] Setting Krisp model: small_NC_8k
[2024-Dec-05 23:14:39.131 +06:00][120263:120293][info ] KrispNCReset
[2024-Dec-05 23:14:39.131 +06:00][120263:120293][info ] KrispNCSetup: sampleRate = 48000, duration = 10
[2024-Dec-05 23:14:39.131 +06:00][120263:120293][info ] Setting Krisp model: full_NC
[2024-Dec-05 23:14:39.137 +06:00][120263:120293][info ] KrispVADSetup: sampleRate = 48000, duration = 10
[2024-Dec-05 23:16:24.677 +06:00][120263:120287][info ] KrispVADReset
[2024-Dec-06 14:11:39.630 +06:00][76973:76973][info ] Logging initialized
[2024-Dec-06 14:11:39.630 +06:00][76973:76973][info ] Initializing krisp SDK...
[2024-Dec-06 14:11:39.630 +06:00][76973:76973][info ] DoKrispInitialize
[2024-Dec-06 14:11:40.359 +06:00][76973:76973][info ] LoadDynamicKrisp
[2024-Dec-06 14:11:40.359 +06:00][76973:76973][info ] Did not find KRISP_DYLIB_PATH, skipping dynamic loading
[2024-Dec-06 14:11:40.359 +06:00][76973:76973][info ] Initializing Krisp SDK in PID 76973, addr 0x76c18b9906f0
[2024-Dec-06 14:11:40.621 +06:00][76973:76973][info ] Initialized Krisp SDK successfully
[2024-Dec-06 14:11:40.621 +06:00][76973:76973][info ] Krisp SDK initialized
[2024-Dec-06 19:36:45.542 +06:00][76973:77016][info ] KrispNCSetup: sampleRate = 48000, duration = 10
[2024-Dec-06 19:36:45.542 +06:00][76973:77016][info ] Setting Krisp model: full_NC
[2024-Dec-06 19:36:45.590 +06:00][76973:77016][info ] KrispVADSetup: sampleRate = 48000, duration = 10
[2024-Dec-06 19:52:43.393 +06:00][76973:77008][info ] KrispVADReset
